<?xml version="1.0" encoding="UTF-8"?>
<!-- Generated by org.testng.reporters.JUnitXMLReporter -->
<testsuite hostname="5CD138MBH9" ignored="0" name="chromebrowserxxe" tests="3" failures="0" timestamp="2022-01-11T19:12:38 IST" time="14.977" errors="0">
  <testcase name="testcase" time="3.133" classname="Priority.Multiplewebsite"/>
  <testcase name="testcase2" time="4.939" classname="Priority.Multiplewebsite"/>
  <testcase name="testcase1" time="0.87" classname="Priority.Multiplewebsite"/>
</testsuite> <!-- chromebrowserxxe -->
