<?xml version="1.0" encoding="UTF-8"?>
<!-- Generated by org.testng.reporters.JUnitXMLReporter -->
<testsuite hostname="5CD138MBH9" ignored="0" name="chromebrowseruu" tests="3" failures="0" timestamp="2022-01-11T19:12:39 IST" time="16.091" errors="0">
  <testcase name="testcase" time="3.243" classname="Priority.Multiplewebsite"/>
  <testcase name="testcase2" time="5.853" classname="Priority.Multiplewebsite"/>
  <testcase name="testcase1" time="0.961" classname="Priority.Multiplewebsite"/>
</testsuite> <!-- chromebrowseruu -->
