<?xml version="1.0" encoding="UTF-8"?>
<!-- Generated by org.testng.reporters.JUnitXMLReporter -->
<testsuite hostname="5CD138MBH9" ignored="0" name="chromebrowserrr" tests="3" failures="0" timestamp="2022-01-11T19:12:36 IST" time="13.386" errors="0">
  <testcase name="testcase" time="3.136" classname="Priority.Multiplewebsite"/>
  <testcase name="testcase2" time="2.796" classname="Priority.Multiplewebsite"/>
  <testcase name="testcase1" time="1.361" classname="Priority.Multiplewebsite"/>
</testsuite> <!-- chromebrowserrr -->
