<?xml version="1.0" encoding="UTF-8"?>
<!-- Generated by org.testng.reporters.JUnitXMLReporter -->
<testsuite hostname="5CD138MBH9" ignored="0" name="firefoxbrowser" tests="2" failures="2" timestamp="2022-01-11T19:44:47 IST" time="0.034" errors="0">
  <testcase name="@AfterTest close" time="0.0" classname="Paralle.Allapplication">
    <failure type="java.lang.NullPointerException">
      <![CDATA[java.lang.NullPointerException
at Paralle.Allapplication.close(Allapplication.java:41)
at java.util.concurrent.FutureTask.run(FutureTask.java:266)
at java.util.concurrent.ThreadPoolExecutor.runWorker(ThreadPoolExecutor.java:1149)
at java.util.concurrent.ThreadPoolExecutor$Worker.run(ThreadPoolExecutor.java:624)
at java.lang.Thread.run(Thread.java:748)
... Removed 15 stack frames]]>
    </failure>
  </testcase> <!-- @AfterTest close -->
  <testcase name="facebook" time="0.003" classname="Paralle.Allapplication">
    <failure type="java.lang.NullPointerException">
      <![CDATA[java.lang.NullPointerException
at Paralle.Allapplication.navigateurl(Allapplication.java:45)
at Paralle.Allapplication.facebook(Allapplication.java:49)
at java.util.ArrayList.forEach(ArrayList.java:1259)
at java.util.concurrent.FutureTask.run(FutureTask.java:266)
at java.util.concurrent.ThreadPoolExecutor.runWorker(ThreadPoolExecutor.java:1149)
at java.util.concurrent.ThreadPoolExecutor$Worker.run(ThreadPoolExecutor.java:624)
at java.lang.Thread.run(Thread.java:748)
... Removed 18 stack frames]]>
    </failure>
  </testcase> <!-- facebook -->
  <testcase name="google" time="0.001" classname="Paralle.Allapplication">
    <failure type="java.lang.NullPointerException">
      <![CDATA[java.lang.NullPointerException
at Paralle.Allapplication.navigateurl(Allapplication.java:45)
at Paralle.Allapplication.google(Allapplication.java:68)
at java.util.ArrayList.forEach(ArrayList.java:1259)
at java.util.concurrent.FutureTask.run(FutureTask.java:266)
at java.util.concurrent.ThreadPoolExecutor.runWorker(ThreadPoolExecutor.java:1149)
at java.util.concurrent.ThreadPoolExecutor$Worker.run(ThreadPoolExecutor.java:624)
at java.lang.Thread.run(Thread.java:748)
... Removed 18 stack frames]]>
    </failure>
  </testcase> <!-- google -->
</testsuite> <!-- firefoxbrowser -->
