<?xml version="1.0" encoding="UTF-8"?>
<!-- Generated by org.testng.reporters.JUnitXMLReporter -->
<testsuite hostname="5CD138MBH9" ignored="0" name="Internetexplorer" tests="3" failures="0" timestamp="2022-03-02T12:05:33 IST" time="26.107" errors="0">
  <testcase name="google" time="3.789" classname="Testngformat.Program5"/>
  <testcase name="facebook" time="3.015" classname="Testngformat.Program5"/>
  <testcase name="amazon" time="2.538" classname="Testngformat.Program5"/>
</testsuite> <!-- Internetexplorer -->
