<?xml version="1.0" encoding="UTF-8"?>
<!-- Generated by org.testng.reporters.JUnitXMLReporter -->
<testsuite hostname="5CD138MBH9" ignored="0" name="facebook" tests="3" failures="0" timestamp="2022-03-01T12:41:29 IST" time="22.551" errors="0">
  <testcase name="google" time="5.954" classname="Testngformat.Program5"/>
  <testcase name="facebook" time="4.575" classname="Testngformat.Program5"/>
  <testcase name="amazon" time="5.174" classname="Testngformat.Program5"/>
</testsuite> <!-- facebook -->
