<?xml version="1.0" encoding="UTF-8"?>
<testng-results skipped="0" failed="0" ignored="0" total="1" passed="1">
  <reporter-output>
  </reporter-output>
  <suite name="Default suite" duration-ms="2606" started-at="2022-03-04T16:12:17 IST" finished-at="2022-03-04T16:12:20 IST">
    <groups>
    </groups>
    <test name="Default test" duration-ms="2606" started-at="2022-03-04T16:12:17 IST" finished-at="2022-03-04T16:12:20 IST">
      <class name="Proface.Face4">
        <test-method status="PASS" signature="launch()[pri:0, instance:Proface.Face4@4bb4de6a]" name="launch" duration-ms="2548" started-at="2022-03-04T16:12:17 IST" finished-at="2022-03-04T16:12:20 IST">
          <reporter-output>
          </reporter-output>
        </test-method> <!-- launch -->
      </class> <!-- Proface.Face4 -->
    </test> <!-- Default test -->
  </suite> <!-- Default suite -->
</testng-results>
